
> mitosearch@0.0.0 start
> node app "/home/yoshitake/mitosearch_dev/Mitosearch/" "./"

[0mGET / [32m200[0m 200.976 ms - 1857889[0m
[0mGET /stylesheets/main.css [32m200[0m 3.342 ms - 2073[0m
[0mGET /leaflet/leaflet.css [32m200[0m 2.775 ms - 13632[0m
[0mGET /markerClusterGroup/dist/MarkerCluster.css [32m200[0m 2.903 ms - 872[0m
[0mGET /select2/dist/css/select2.min.css [32m200[0m 3.042 ms - 14966[0m
[0mGET /markerClusterGroup/dist/MarkerCluster.Default.css [32m200[0m 3.189 ms - 1287[0m
[0mGET /bootstrap-4.5.0-dist/css/bootstrap.min.css [32m200[0m 4.917 ms - 160403[0m
[0mGET /leaflet/leaflet.js [32m200[0m 3.064 ms - 141941[0m
[0mGET /markerClusterGroup/dist/leaflet.markercluster.js [32m200[0m 2.169 ms - 33724[0m
[0mGET /javascripts/jquery-3.6.0.js [32m200[0m 1.524 ms - 288580[0m
[0mGET /select2/dist/js/i18n/ja.js [32m200[0m 1.912 ms - 862[0m
[0mGET /select2/dist/js/select2.min.js [32m200[0m 2.021 ms - 70891[0m
[0mGET /d3/d3.js [32m200[0m 2.252 ms - 515704[0m
[0mGET /javascripts/drawPie.js [32m200[0m 0.740 ms - 7269[0m
[0mGET /javascripts/drawSelectbox.js [32m200[0m 0.877 ms - 1792[0m
[0mGET /javascripts/drawLiddgeLineWithIcon.js [32m200[0m 0.376 ms - 10648[0m
[0mGET /javascripts/showLegendWithIcon.js [32m200[0m 1.036 ms - 1886[0m
[0mGET /javascripts/iconLocation.js [32m200[0m 1.181 ms - 2133[0m
[0mGET /img/Taxonomy.png [32m200[0m 1.481 ms - 166503[0m
[0mGET /img/expansion.png [32m200[0m 1.406 ms - 8668[0m
[0mGET /img/help.png [32m200[0m 1.565 ms - 15657[0m
[0mGET /img/restore.png [32m200[0m 1.978 ms - 9109[0m
[0mGET /img/alltime.png [32m200[0m 1.096 ms - 18083[0m
[0mGET /img/monthly.png [32m200[0m 1.056 ms - 18155[0m
[0mGET /favicon.ico [33m404[0m 105.133 ms - 1383[0m
[0mGET /javascripts/drawPie.js [36m304[0m 0.761 ms - -[0m
[0mGET /javascripts/drawPie.js [36m304[0m 0.395 ms - -[0m
[0mGET /javascripts/drawLiddgeLine.js [32m200[0m 0.627 ms - 9912[0m
[0mGET / [32m200[0m 230.093 ms - 1857889[0m
[0mGET /stylesheets/main.css [32m200[0m 2.752 ms - 2073[0m
[0mGET /leaflet/leaflet.css [32m200[0m 2.874 ms - 13632[0m
[0mGET /markerClusterGroup/dist/MarkerCluster.css [32m200[0m 3.068 ms - 872[0m
[0mGET /markerClusterGroup/dist/MarkerCluster.Default.css [32m200[0m 3.063 ms - 1287[0m
[0mGET /bootstrap-4.5.0-dist/css/bootstrap.min.css [32m200[0m 2.824 ms - 160403[0m
[0mGET /select2/dist/css/select2.min.css [32m200[0m 3.162 ms - 14966[0m
[0mGET /leaflet/leaflet.js [32m200[0m 0.517 ms - 141941[0m
[0mGET /javascripts/jquery-3.6.0.js [32m200[0m 0.663 ms - 288580[0m
[0mGET /markerClusterGroup/dist/leaflet.markercluster.js [32m200[0m 0.776 ms - 33724[0m
[0mGET /d3/d3.js [32m200[0m 0.854 ms - 515704[0m
[0mGET /select2/dist/js/select2.min.js [32m200[0m 0.400 ms - 70891[0m
[0mGET /select2/dist/js/i18n/ja.js [32m200[0m 0.821 ms - 862[0m
[0mGET /javascripts/drawSelectbox.js [32m200[0m 0.538 ms - 1792[0m
[0mGET /javascripts/drawPie.js [32m200[0m 0.467 ms - 7269[0m
[0mGET /javascripts/drawLiddgeLineWithIcon.js [32m200[0m 0.463 ms - 10648[0m
[0mGET /javascripts/showLegendWithIcon.js [32m200[0m 0.452 ms - 1886[0m
[0mGET /javascripts/iconLocation.js [32m200[0m 0.477 ms - 2133[0m
[0mGET /img/Taxonomy.png [32m200[0m 0.499 ms - 166503[0m
[0mGET /img/help.png [32m200[0m 0.504 ms - 15657[0m
[0mGET /img/expansion.png [32m200[0m 0.457 ms - 8668[0m
[0mGET /img/restore.png [32m200[0m 0.476 ms - 9109[0m
[0mGET /img/alltime.png [32m200[0m 0.438 ms - 18083[0m
[0mGET /img/monthly.png [32m200[0m 0.438 ms - 18155[0m
[0mGET / [36m304[0m 138.776 ms - -[0m
[0mGET /stylesheets/main.css [36m304[0m 2.615 ms - -[0m
[0mGET /bootstrap-4.5.0-dist/css/bootstrap.min.css [36m304[0m 2.461 ms - -[0m
[0mGET /leaflet/leaflet.css [36m304[0m 0.568 ms - -[0m
[0mGET /markerClusterGroup/dist/MarkerCluster.css [36m304[0m 0.587 ms - -[0m
[0mGET /markerClusterGroup/dist/MarkerCluster.Default.css [36m304[0m 0.434 ms - -[0m
[0mGET /select2/dist/css/select2.min.css [36m304[0m 0.554 ms - -[0m
[0mGET /leaflet/leaflet.js [36m304[0m 1.577 ms - -[0m
[0mGET /javascripts/jquery-3.6.0.js [36m304[0m 1.598 ms - -[0m
[0mGET /d3/d3.js [36m304[0m 1.590 ms - -[0m
[0mGET /markerClusterGroup/dist/leaflet.markercluster.js [36m304[0m 1.572 ms - -[0m
[0mGET /select2/dist/js/select2.min.js [36m304[0m 1.577 ms - -[0m
[0mGET /select2/dist/js/i18n/ja.js [36m304[0m 1.723 ms - -[0m
[0mGET /javascripts/drawSelectbox.js [36m304[0m 9.293 ms - -[0m
[0mGET /javascripts/drawPie.js [36m304[0m 9.214 ms - -[0m
[0mGET /javascripts/drawLiddgeLineWithIcon.js [36m304[0m 0.960 ms - -[0m
[0mGET /javascripts/showLegendWithIcon.js [36m304[0m 0.822 ms - -[0m
[0mGET /img/expansion.png [36m304[0m 0.813 ms - -[0m
[0mGET /javascripts/iconLocation.js [36m304[0m 0.828 ms - -[0m
[0mGET /img/Taxonomy.png [36m304[0m 0.786 ms - -[0m
[0mGET /img/help.png [36m304[0m 0.796 ms - -[0m
[0mGET /img/restore.png [36m304[0m 0.351 ms - -[0m
[0mGET /img/alltime.png [36m304[0m 0.539 ms - -[0m
[0mGET /img/monthly.png [36m304[0m 0.521 ms - -[0m
[0mGET / [32m200[0m 2155.339 ms - 1857889[0m
[0mGET /stylesheets/main.css [32m200[0m 1.850 ms - 2073[0m
[0mGET /leaflet/leaflet.css [32m200[0m 1.866 ms - 13632[0m
[0mGET /markerClusterGroup/dist/MarkerCluster.css [32m200[0m 2.571 ms - 872[0m
[0mGET /markerClusterGroup/dist/MarkerCluster.Default.css [32m200[0m 2.691 ms - 1287[0m
[0mGET /select2/dist/css/select2.min.css [32m200[0m 2.110 ms - 14966[0m
[0mGET /bootstrap-4.5.0-dist/css/bootstrap.min.css [32m200[0m 2.343 ms - 160403[0m
[0mGET /leaflet/leaflet.js [32m200[0m 2.432 ms - 141941[0m
[0mGET /markerClusterGroup/dist/leaflet.markercluster.js [32m200[0m 3.764 ms - 33724[0m
[0mGET /select2/dist/js/i18n/ja.js [32m200[0m 3.538 ms - 862[0m
[0mGET /select2/dist/js/select2.min.js [32m200[0m 3.535 ms - 70891[0m
[0mGET /javascripts/jquery-3.6.0.js [32m200[0m 3.078 ms - 288580[0m
[0mGET /d3/d3.js [32m200[0m 3.634 ms - 515704[0m
[0mGET /javascripts/drawSelectbox.js [32m200[0m 55.363 ms - 1792[0m
[0mGET /javascripts/drawPie.js [32m200[0m 29.103 ms - 7269[0m
[0mGET /javascripts/drawLiddgeLineWithIcon.js [32m200[0m 28.910 ms - 10648[0m
[0mGET /javascripts/showLegendWithIcon.js [32m200[0m 28.500 ms - 1854[0m
[0mGET /javascripts/iconLocation.js [32m200[0m 29.166 ms - 2133[0m
[0mGET /img/help.png [32m200[0m 91.356 ms - 15657[0m
[0mGET /img/expansion.png [32m200[0m 90.765 ms - 8668[0m
[0mGET /img/restore.png [32m200[0m 90.706 ms - 9109[0m
[0mGET /img/alltime.png [32m200[0m 90.662 ms - 18083[0m
[0mGET /img/monthly.png [32m200[0m 90.762 ms - 18155[0m
[0mGET /img/Taxonomy.png [32m200[0m 89.905 ms - 166503[0m
[0mGET /javascripts/drawPie.js [36m304[0m 0.409 ms - -[0m
[0mGET /javascripts/drawPie.js [36m304[0m 0.329 ms - -[0m
[0mGET /javascripts/drawPie.js [36m304[0m 0.320 ms - -[0m
[0mGET /javascripts/drawLiddgeLine.js [32m200[0m 2323.072 ms - 9912[0m
[0mGET /javascripts/drawPie.js [36m304[0m 0.396 ms - -[0m
[0mGET /javascripts/drawLiddgeLine.js [36m304[0m 0.298 ms - -[0m
[0mGET / [32m200[0m 175.210 ms - 1857889[0m
[0mGET /stylesheets/main.css [32m200[0m 0.560 ms - 2073[0m
[0mGET /leaflet/leaflet.js [32m200[0m 0.640 ms - 141941[0m
[0mGET /bootstrap-4.5.0-dist/css/bootstrap.min.css [32m200[0m 0.578 ms - 160403[0m
[0mGET /leaflet/leaflet.css [32m200[0m 0.639 ms - 13632[0m
[0mGET /javascripts/jquery-3.6.0.js [32m200[0m 0.528 ms - 288580[0m
[0mGET /d3/d3.js [32m200[0m 0.490 ms - 515704[0m
[0mGET /markerClusterGroup/dist/leaflet.markercluster.js [32m200[0m 0.484 ms - 33724[0m
[0mGET /markerClusterGroup/dist/MarkerCluster.css [32m200[0m 0.364 ms - 872[0m
[0mGET /markerClusterGroup/dist/MarkerCluster.Default.css [32m200[0m 0.462 ms - 1287[0m
[0mGET /select2/dist/css/select2.min.css [32m200[0m 0.491 ms - 14966[0m
[0mGET /select2/dist/js/select2.min.js [32m200[0m 0.395 ms - 70891[0m
[0mGET /select2/dist/js/i18n/ja.js [32m200[0m 0.588 ms - 862[0m
[0mGET /javascripts/drawSelectbox.js [32m200[0m 0.398 ms - 1792[0m
[0mGET /javascripts/drawPie.js [32m200[0m 0.420 ms - 7269[0m
[0mGET /javascripts/drawLiddgeLineWithIcon.js [32m200[0m 0.350 ms - 10648[0m
[0mGET /javascripts/showLegendWithIcon.js [32m200[0m 0.549 ms - 1854[0m
[0mGET /javascripts/iconLocation.js [32m200[0m 0.525 ms - 2133[0m
[0mGET /img/Taxonomy.png [32m200[0m 0.446 ms - 166503[0m
[0mGET /img/help.png [32m200[0m 0.408 ms - 15657[0m
[0mGET /img/expansion.png [32m200[0m 0.483 ms - 8668[0m
[0mGET /img/restore.png [32m200[0m 0.469 ms - 9109[0m
[0mGET /img/alltime.png [32m200[0m 0.483 ms - 18083[0m
[0mGET /img/monthly.png [32m200[0m 0.479 ms - 18155[0m
